KCPSM6 Assembler log file for program 'E:\ELEC4200\Labs\Lab8\hexDisplay.psm'.
Generated by KCPSM6 version v2.70
Ken Chapman - Xilinx Ltd - 16th May 2014

Assembly datestamp: 24 Oct 2018
Assembly timestamp: 17:55:24

Contents
  Assembly listing
  List of PSM files
  List of CONSTANTs
  List of TABLEs
  List of STRINGs
  List of line labels
  Instruction usage statistics


Last occupied address: 024 hex
Nominal program memory size: 1K (1024)   address(9:0)
Actual memory size: 4096
  (Default memory size)
Occupied memory locations: 37
Memory locations available: 4059


Assembly listing

 Addr Code         Instruction

 000               CONSTANT switches, 00                    ;read switch values at port 0
 000               CONSTANT LEDs, 01                        ;write 7-seg LED at port 1
 000               CONSTANT LED_0, 01
 000               CONSTANT LED_1, 4F
 000               CONSTANT LED_2, 12
 000               CONSTANT LED_3, 06
 000               CONSTANT LED_4, 4C
 000               CONSTANT LED_5, 24
 000               CONSTANT LED_6, 60
 000               CONSTANT LED_7, 0F
 000               CONSTANT LED_8, 00
 000               CONSTANT LED_9, 04
 000               CONSTANT LED_A, 08
 000               CONSTANT LED_B, 60
 000               CONSTANT LED_C, 31
 000               CONSTANT LED_D, 42
 000               CONSTANT LED_E, 30
 000               CONSTANT LED_F, 38
 000               NAMEREG s0, switch_value
 000               NAMEREG s1, LED_output
 000  01101        LOAD s1[LED_output], 01[LED_0]
 001  2F100        STORE s1[LED_output], 00
 002  0114F        LOAD s1[LED_output], 4F[LED_1]
 003  2F101        STORE s1[LED_output], 01
 004  01112        LOAD s1[LED_output], 12[LED_2]
 005  2F102        STORE s1[LED_output], 02
 006  01106        LOAD s1[LED_output], 06[LED_3]
 007  2F103        STORE s1[LED_output], 03
 008  0114C        LOAD s1[LED_output], 4C[LED_4]
 009  2F104        STORE s1[LED_output], 04
 00A  01124        LOAD s1[LED_output], 24[LED_5]
 00B  2F105        STORE s1[LED_output], 05
 00C  01160        LOAD s1[LED_output], 60[LED_6]
 00D  2F106        STORE s1[LED_output], 06
 00E  0110F        LOAD s1[LED_output], 0F[LED_7]
 00F  2F107        STORE s1[LED_output], 07
 010  01100        LOAD s1[LED_output], 00[LED_8]
 011  2F108        STORE s1[LED_output], 08
 012  01104        LOAD s1[LED_output], 04[LED_9]
 013  2F109        STORE s1[LED_output], 09
 014  01108        LOAD s1[LED_output], 08[LED_A]
 015  2F10A        STORE s1[LED_output], 0A
 016  01160        LOAD s1[LED_output], 60[LED_B]
 017  2F10B        STORE s1[LED_output], 0B
 018  01131        LOAD s1[LED_output], 31[LED_C]
 019  2F10C        STORE s1[LED_output], 0C
 01A  01142        LOAD s1[LED_output], 42[LED_D]
 01B  2F10D        STORE s1[LED_output], 0D
 01C  01130        LOAD s1[LED_output], 30[LED_E]
 01D  2F10E        STORE s1[LED_output], 0E
 01E  01138        LOAD s1[LED_output], 38[LED_F]
 01F  2F10F        STORE s1[LED_output], 0F
 020  09000  loop: INPUT s0[switch_value], 00[switches]
 021  0300F        AND s0[switch_value], 0F
 022  0A100        FETCH s1[LED_output], (s0[switch_value])
 023  2D101        OUTPUT s1[LED_output], 01[LEDs]
 024  22020        JUMP 020[loop]


All unused memory locations contain zero (equivalent to 'LOAD s0, s0')



List of PSM files that have been assembled

E:\ELEC4200\Labs\Lab8\hexDisplay.psm



List of defined constants

 CONSTANT name     Value        Source PSM File

 timestamp_hours   17'd         
 timestamp_minutes 55'd         
 timestamp_seconds 24'd         
 datestamp_year    18'd         
 datestamp_month   10'd         
 datestamp_day     24'd         
 NUL               00           
 BEL               07           
 BS                08           
 HT                09           
 LF                0A           
 VT                0B           
 CR                0D           
 ESC               1B           
 DEL               7F           
 DCS               90           
 ST                9C           
 switches          00           hexDisplay.psm
 LEDs              01           hexDisplay.psm
 LED_0             01           hexDisplay.psm
 LED_1             4F           hexDisplay.psm
 LED_2             12           hexDisplay.psm
 LED_3             06           hexDisplay.psm
 LED_4             4C           hexDisplay.psm
 LED_5             24           hexDisplay.psm
 LED_6             60           hexDisplay.psm
 LED_7             0F           hexDisplay.psm
 LED_8             00           hexDisplay.psm
 LED_9             04           hexDisplay.psm
 LED_A             08           hexDisplay.psm
 LED_B             60           hexDisplay.psm
 LED_C             31           hexDisplay.psm
 LED_D             42           hexDisplay.psm
 LED_E             30           hexDisplay.psm
 LED_F             38           hexDisplay.psm



No TABLEs defined



List of text strings

 STRING name       String         Source PSM File

 KCPSM6_version$   "v2.70"        
 datestamp$        "24 Oct 2018"  
 timestamp$        "17:55:24"     



List of line labels

   Label    Addr  Source PSM File

   loop     020   hexDisplay.psm



Instruction usage statistics

 Instruction    Instances

 LOAD             16
 STAR              -

 AND               1
 OR                -
 XOR               -

 ADD               -
 ADDCY             -
 SUB               -
 SUBCY             -

 TEST              -
 TESTCY            -
 COMPARE           -
 COMPARECY         -

 SL0               -
 SL1               -
 SLX               -
 SLA               -
 RL                -
 SR0               -
 SR1               -
 SRX               -
 SRA               -
 RR                -

 REGBANK           -

 INPUT             1
 OUTPUT            1
 OUTPUTK           -

 STORE             1
 FETCH             1

 DISABLE           -
 ENABLE            -
 RETURNI           -

 JUMP              1
 JUMP@             -
 CALL              -
 CALL@             -
 RETURN            -
 LOAD&RETURN       -

 HWBUILD           -



End of KCPSM6 log file.
